# JRE version: 7.0_17-b02
# Java VM: Java HotSpot(TM) Client VM (23.7-b01 mixed mode, sharing windows-x86 )
Heap
 def new generation   total 4928K, used 2495K [0x23870000, 0x23dc0000, 0x28dc0000)
  eden space 4416K,  50% used [0x23870000, 0x23a9f010, 0x23cc0000)
  from space 512K,  50% used [0x23cc0000, 0x23d00e18, 0x23d40000)
  to   space 512K,   0% used [0x23d40000, 0x23d40000, 0x23dc0000)
 tenured generation   total 10944K, used 9262K [0x28dc0000, 0x29870000, 0x33870000)
   the space 10944K,  84% used [0x28dc0000, 0x296cb9e0, 0x296cba00, 0x29870000)
 compacting perm gen  total 12288K, used 2266K [0x33870000, 0x34470000, 0x37870000)
   the space 12288K,  18% used [0x33870000, 0x33aa6b98, 0x33aa6c00, 0x34470000)
    ro space 10240K,  42% used [0x37870000, 0x37cb1d60, 0x37cb1e00, 0x38270000)
    rw space 12288K,  54% used [0x38270000, 0x388f2928, 0x388f2a00, 0x38e70000)
GC Heap History (10 events):
Event: 289.115 GC heap before
{Heap before GC invocations=371 (full 0):
 def new generation   total 4928K, used 4641K [0x23870000, 0x23dc0000, 0x28dc0000)
  eden space 4416K,  99% used [0x23870000, 0x23cb7868, 0x23cc0000)
  from space 512K,  50% used [0x23d40000, 0x23d80e18, 0x23dc0000)
  to   space 512K,   0% used [0x23cc0000, 0x23cc0000, 0x23d40000)
 tenured generation   total 10944K, used 9174K [0x28dc0000, 0x29870000, 0x33870000)
   the space 10944K,  83% used [0x28dc0000, 0x296b5960, 0x296b5a00, 0x29870000)
 compacting perm gen  total 12288K, used 2266K [0x33870000, 0x34470000, 0x37870000)
   the space 12288K,  18% used [0x33870000, 0x33aa6b98, 0x33aa6c00, 0x34470000)
    ro space 10240K,  42% used [0x37870000, 0x37cb1d60, 0x37cb1e00, 0x38270000)
    rw space 12288K,  54% used [0x38270000, 0x388f2928, 0x388f2a00, 0x38e70000)
Event: 289.117 GC heap after
Heap after GC invocations=372 (full 0):
 def new generation   total 4928K, used 259K [0x23870000, 0x23dc0000, 0x28dc0000)
  eden space 4416K,   0% used [0x23870000, 0x23870000, 0x23cc0000)
  from space 512K,  50% used [0x23cc0000, 0x23d00e18, 0x23d40000)
  to   space 512K,   0% used [0x23d40000, 0x23d40000, 0x23dc0000)
 tenured generation   total 10944K, used 9191K [0x28dc0000, 0x29870000, 0x33870000)
   the space 10944K,  83% used [0x28dc0000, 0x296b9fe0, 0x296ba000, 0x29870000)
 compacting perm gen  total 12288K, used 2266K [0x33870000, 0x34470000, 0x37870000)
   the space 12288K,  18% used [0x33870000, 0x33aa6b98, 0x33aa6c00, 0x34470000)
    ro space 10240K,  42% used [0x37870000, 0x37cb1d60, 0x37cb1e00, 0x38270000)
    rw space 12288K,  54% used [0x38270000, 0x388f2928, 0x388f2a00, 0x38e70000)
}
Event: 289.899 GC heap before
{Heap before GC invocations=372 (full 0):
 def new generation   total 4928K, used 4638K [0x23870000, 0x23dc0000, 0x28dc0000)
  eden space 4416K,  99% used [0x23870000, 0x23cb6d18, 0x23cc0000)
  from space 512K,  50% used [0x23cc0000, 0x23d00e18, 0x23d40000)
  to   space 512K,   0% used [0x23d40000, 0x23d40000, 0x23dc0000)
 tenured generation   total 10944K, used 9191K [0x28dc0000, 0x29870000, 0x33870000)
   the space 10944K,  83% used [0x28dc0000, 0x296b9fe0, 0x296ba000, 0x29870000)
 compacting perm gen  total 12288K, used 2266K [0x33870000, 0x34470000, 0x37870000)
   the space 12288K,  18% used [0x33870000, 0x33aa6b98, 0x33aa6c00, 0x34470000)
    ro space 10240K,  42% used [0x37870000, 0x37cb1d60, 0x37cb1e00, 0x38270000)
    rw space 12288K,  54% used [0x38270000, 0x388f2928, 0x388f2a00, 0x38e70000)
Event: 289.901 GC heap after
Heap after GC invocations=373 (full 0):
 def new generation   total 4928K, used 259K [0x23870000, 0x23dc0000, 0x28dc0000)
  eden space 4416K,   0% used [0x23870000, 0x23870000, 0x23cc0000)
  from space 512K,  50% used [0x23d40000, 0x23d80e18, 0x23dc0000)
  to   space 512K,   0% used [0x23cc0000, 0x23cc0000, 0x23d40000)
 tenured generation   total 10944K, used 9209K [0x28dc0000, 0x29870000, 0x33870000)
   the space 10944K,  84% used [0x28dc0000, 0x296be660, 0x296be800, 0x29870000)
 compacting perm gen  total 12288K, used 2266K [0x33870000, 0x34470000, 0x37870000)
   the space 12288K,  18% used [0x33870000, 0x33aa6b98, 0x33aa6c00, 0x34470000)
    ro space 10240K,  42% used [0x37870000, 0x37cb1d60, 0x37cb1e00, 0x38270000)
    rw space 12288K,  54% used [0x38270000, 0x388f2928, 0x388f2a00, 0x38e70000)
}
Event: 290.682 GC heap before
{Heap before GC invocations=373 (full 0):
 def new generation   total 4928K, used 4641K [0x23870000, 0x23dc0000, 0x28dc0000)
  eden space 4416K,  99% used [0x23870000, 0x23cb7868, 0x23cc0000)
  from space 512K,  50% used [0x23d40000, 0x23d80e18, 0x23dc0000)
  to   space 512K,   0% used [0x23cc0000, 0x23cc0000, 0x23d40000)
 tenured generation   total 10944K, used 9209K [0x28dc0000, 0x29870000, 0x33870000)
   the space 10944K,  84% used [0x28dc0000, 0x296be660, 0x296be800, 0x29870000)
 compacting perm gen  total 12288K, used 2266K [0x33870000, 0x34470000, 0x37870000)
   the space 12288K,  18% used [0x33870000, 0x33aa6b98, 0x33aa6c00, 0x34470000)
    ro space 10240K,  42% used [0x37870000, 0x37cb1d60, 0x37cb1e00, 0x38270000)
    rw space 12288K,  54% used [0x38270000, 0x388f2928, 0x388f2a00, 0x38e70000)
Event: 290.684 GC heap after
Heap after GC invocations=374 (full 0):
 def new generation   total 4928K, used 259K [0x23870000, 0x23dc0000, 0x28dc0000)
  eden space 4416K,   0% used [0x23870000, 0x23870000, 0x23cc0000)
  from space 512K,  50% used [0x23cc0000, 0x23d00e18, 0x23d40000)
  to   space 512K,   0% used [0x23d40000, 0x23d40000, 0x23dc0000)
 tenured generation   total 10944K, used 9227K [0x28dc0000, 0x29870000, 0x33870000)
   the space 10944K,  84% used [0x28dc0000, 0x296c2ce0, 0x296c2e00, 0x29870000)
 compacting perm gen  total 12288K, used 2266K [0x33870000, 0x34470000, 0x37870000)
   the space 12288K,  18% used [0x33870000, 0x33aa6b98, 0x33aa6c00, 0x34470000)
    ro space 10240K,  42% used [0x37870000, 0x37cb1d60, 0x37cb1e00, 0x38270000)
    rw space 12288K,  54% used [0x38270000, 0x388f2928, 0x388f2a00, 0x38e70000)
}
Event: 291.465 GC heap before
{Heap before GC invocations=374 (full 0):
 def new generation   total 4928K, used 4638K [0x23870000, 0x23dc0000, 0x28dc0000)
  eden space 4416K,  99% used [0x23870000, 0x23cb6d18, 0x23cc0000)
  from space 512K,  50% used [0x23cc0000, 0x23d00e18, 0x23d40000)
  to   space 512K,   0% used [0x23d40000, 0x23d40000, 0x23dc0000)
 tenured generation   total 10944K, used 9227K [0x28dc0000, 0x29870000, 0x33870000)
   the space 10944K,  84% used [0x28dc0000, 0x296c2ce0, 0x296c2e00, 0x29870000)
 compacting perm gen  total 12288K, used 2266K [0x33870000, 0x34470000, 0x37870000)
   the space 12288K,  18% used [0x33870000, 0x33aa6b98, 0x33aa6c00, 0x34470000)
    ro space 10240K,  42% used [0x37870000, 0x37cb1d60, 0x37cb1e00, 0x38270000)
    rw space 12288K,  54% used [0x38270000, 0x388f2928, 0x388f2a00, 0x38e70000)
Event: 291.466 GC heap after
Heap after GC invocations=375 (full 0):
 def new generation   total 4928K, used 259K [0x23870000, 0x23dc0000, 0x28dc0000)
  eden space 4416K,   0% used [0x23870000, 0x23870000, 0x23cc0000)
  from space 512K,  50% used [0x23d40000, 0x23d80e18, 0x23dc0000)
  to   space 512K,   0% used [0x23cc0000, 0x23cc0000, 0x23d40000)
 tenured generation   total 10944K, used 9244K [0x28dc0000, 0x29870000, 0x33870000)
   the space 10944K,  84% used [0x28dc0000, 0x296c7360, 0x296c7400, 0x29870000)
 compacting perm gen  total 12288K, used 2266K [0x33870000, 0x34470000, 0x37870000)
   the space 12288K,  18% used [0x33870000, 0x33aa6b98, 0x33aa6c00, 0x34470000)
    ro space 10240K,  42% used [0x37870000, 0x37cb1d60, 0x37cb1e00, 0x38270000)
    rw space 12288K,  54% used [0x38270000, 0x388f2928, 0x388f2a00, 0x38e70000)
}
Event: 292.249 GC heap before
{Heap before GC invocations=375 (full 0):
 def new generation   total 4928K, used 4641K [0x23870000, 0x23dc0000, 0x28dc0000)
  eden space 4416K,  99% used [0x23870000, 0x23cb76d8, 0x23cc0000)
  from space 512K,  50% used [0x23d40000, 0x23d80e18, 0x23dc0000)
  to   space 512K,   0% used [0x23cc0000, 0x23cc0000, 0x23d40000)
 tenured generation   total 10944K, used 9244K [0x28dc0000, 0x29870000, 0x33870000)
   the space 10944K,  84% used [0x28dc0000, 0x296c7360, 0x296c7400, 0x29870000)
 compacting perm gen  total 12288K, used 2266K [0x33870000, 0x34470000, 0x37870000)
   the space 12288K,  18% used [0x33870000, 0x33aa6b98, 0x33aa6c00, 0x34470000)
    ro space 10240K,  42% used [0x37870000, 0x37cb1d60, 0x37cb1e00, 0x38270000)
    rw space 12288K,  54% used [0x38270000, 0x388f2928, 0x388f2a00, 0x38e70000)
Event: 292.250 GC heap after
Heap after GC invocations=376 (full 0):
 def new generation   total 4928K, used 259K [0x23870000, 0x23dc0000, 0x28dc0000)
  eden space 4416K,   0% used [0x23870000, 0x23870000, 0x23cc0000)
  from space 512K,  50% used [0x23cc0000, 0x23d00e18, 0x23d40000)
  to   space 512K,   0% used [0x23d40000, 0x23d40000, 0x23dc0000)
 tenured generation   total 10944K, used 9262K [0x28dc0000, 0x29870000, 0x33870000)
   the space 10944K,  84% used [0x28dc0000, 0x296cb9e0, 0x296cba00, 0x29870000)
 compacting perm gen  total 12288K, used 2266K [0x33870000, 0x34470000, 0x37870000)
   the space 12288K,  18% used [0x33870000, 0x33aa6b98, 0x33aa6c00, 0x34470000)
    ro space 10240K,  42% used [0x37870000, 0x37cb1d60, 0x37cb1e00, 0x38270000)
    rw space 12288K,  54% used [0x38270000, 0x388f2928, 0x388f2a00, 0x38e70000)
}

