# JRE version: 7.0_17-b02
# Java VM: Java HotSpot(TM) Client VM (23.7-b01 mixed mode, sharing windows-x86 )
Heap
 def new generation   total 4928K, used 3899K [0x23870000, 0x23dc0000, 0x28dc0000)
  eden space 4416K,  76% used [0x23870000, 0x23bbecb0, 0x23cc0000)
  from space 512K, 100% used [0x23cc0000, 0x23d40000, 0x23d40000)
  to   space 512K,   0% used [0x23d40000, 0x23d40000, 0x23dc0000)
 tenured generation   total 10944K, used 2203K [0x28dc0000, 0x29870000, 0x33870000)
   the space 10944K,  20% used [0x28dc0000, 0x28fe6d38, 0x28fe6e00, 0x29870000)
 compacting perm gen  total 12288K, used 2050K [0x33870000, 0x34470000, 0x37870000)
   the space 12288K,  16% used [0x33870000, 0x33a709e8, 0x33a70a00, 0x34470000)
    ro space 10240K,  42% used [0x37870000, 0x37cb1d60, 0x37cb1e00, 0x38270000)
    rw space 12288K,  54% used [0x38270000, 0x388f2928, 0x388f2a00, 0x38e70000)
GC Heap History (8 events):
Event: 0.393 GC heap before
{Heap before GC invocations=0 (full 0):
 def new generation   total 4928K, used 4393K [0x23870000, 0x23dc0000, 0x28dc0000)
  eden space 4416K,  99% used [0x23870000, 0x23cba7a8, 0x23cc0000)
  from space 512K,   0% used [0x23cc0000, 0x23cc0000, 0x23d40000)
  to   space 512K,   0% used [0x23d40000, 0x23d40000, 0x23dc0000)
 tenured generation   total 10944K, used 0K [0x28dc0000, 0x29870000, 0x33870000)
   the space 10944K,   0% used [0x28dc0000, 0x28dc0000, 0x28dc0200, 0x29870000)
 compacting perm gen  total 12288K, used 954K [0x33870000, 0x34470000, 0x37870000)
   the space 12288K,   7% used [0x33870000, 0x3395e870, 0x3395ea00, 0x34470000)
    ro space 10240K,  42% used [0x37870000, 0x37cb1d60, 0x37cb1e00, 0x38270000)
    rw space 12288K,  54% used [0x38270000, 0x388f2928, 0x388f2a00, 0x38e70000)
Event: 0.397 GC heap after
Heap after GC invocations=1 (full 0):
 def new generation   total 4928K, used 512K [0x23870000, 0x23dc0000, 0x28dc0000)
  eden space 4416K,   0% used [0x23870000, 0x23870000, 0x23cc0000)
  from space 512K, 100% used [0x23d40000, 0x23dc0000, 0x23dc0000)
  to   space 512K,   0% used [0x23cc0000, 0x23cc0000, 0x23d40000)
 tenured generation   total 10944K, used 858K [0x28dc0000, 0x29870000, 0x33870000)
   the space 10944K,   7% used [0x28dc0000, 0x28e96980, 0x28e96a00, 0x29870000)
 compacting perm gen  total 12288K, used 954K [0x33870000, 0x34470000, 0x37870000)
   the space 12288K,   7% used [0x33870000, 0x3395e870, 0x3395ea00, 0x34470000)
    ro space 10240K,  42% used [0x37870000, 0x37cb1d60, 0x37cb1e00, 0x38270000)
    rw space 12288K,  54% used [0x38270000, 0x388f2928, 0x388f2a00, 0x38e70000)
}
Event: 0.966 GC heap before
{Heap before GC invocations=1 (full 0):
 def new generation   total 4928K, used 4928K [0x23870000, 0x23dc0000, 0x28dc0000)
  eden space 4416K, 100% used [0x23870000, 0x23cc0000, 0x23cc0000)
  from space 512K, 100% used [0x23d40000, 0x23dc0000, 0x23dc0000)
  to   space 512K,   0% used [0x23cc0000, 0x23cc0000, 0x23d40000)
 tenured generation   total 10944K, used 858K [0x28dc0000, 0x29870000, 0x33870000)
   the space 10944K,   7% used [0x28dc0000, 0x28e96980, 0x28e96a00, 0x29870000)
 compacting perm gen  total 12288K, used 1589K [0x33870000, 0x34470000, 0x37870000)
   the space 12288K,  12% used [0x33870000, 0x339fd718, 0x339fd800, 0x34470000)
    ro space 10240K,  42% used [0x37870000, 0x37cb1d60, 0x37cb1e00, 0x38270000)
    rw space 12288K,  54% used [0x38270000, 0x388f2928, 0x388f2a00, 0x38e70000)
Event: 0.970 GC heap after
Heap after GC invocations=2 (full 0):
 def new generation   total 4928K, used 511K [0x23870000, 0x23dc0000, 0x28dc0000)
  eden space 4416K,   0% used [0x23870000, 0x23870000, 0x23cc0000)
  from space 512K,  99% used [0x23cc0000, 0x23d3fff0, 0x23d40000)
  to   space 512K,   0% used [0x23d40000, 0x23d40000, 0x23dc0000)
 tenured generation   total 10944K, used 1291K [0x28dc0000, 0x29870000, 0x33870000)
   the space 10944K,  11% used [0x28dc0000, 0x28f02c48, 0x28f02e00, 0x29870000)
 compacting perm gen  total 12288K, used 1589K [0x33870000, 0x34470000, 0x37870000)
   the space 12288K,  12% used [0x33870000, 0x339fd718, 0x339fd800, 0x34470000)
    ro space 10240K,  42% used [0x37870000, 0x37cb1d60, 0x37cb1e00, 0x38270000)
    rw space 12288K,  54% used [0x38270000, 0x388f2928, 0x388f2a00, 0x38e70000)
}
Event: 1.157 GC heap before
{Heap before GC invocations=2 (full 0):
 def new generation   total 4928K, used 4905K [0x23870000, 0x23dc0000, 0x28dc0000)
  eden space 4416K,  99% used [0x23870000, 0x23cba4d8, 0x23cc0000)
  from space 512K,  99% used [0x23cc0000, 0x23d3fff0, 0x23d40000)
  to   space 512K,   0% used [0x23d40000, 0x23d40000, 0x23dc0000)
 tenured generation   total 10944K, used 1291K [0x28dc0000, 0x29870000, 0x33870000)
   the space 10944K,  11% used [0x28dc0000, 0x28f02c48, 0x28f02e00, 0x29870000)
 compacting perm gen  total 12288K, used 1876K [0x33870000, 0x34470000, 0x37870000)
   the space 12288K,  15% used [0x33870000, 0x33a45338, 0x33a45400, 0x34470000)
    ro space 10240K,  42% used [0x37870000, 0x37cb1d60, 0x37cb1e00, 0x38270000)
    rw space 12288K,  54% used [0x38270000, 0x388f2928, 0x388f2a00, 0x38e70000)
Event: 1.160 GC heap after
Heap after GC invocations=3 (full 0):
 def new generation   total 4928K, used 509K [0x23870000, 0x23dc0000, 0x28dc0000)
  eden space 4416K,   0% used [0x23870000, 0x23870000, 0x23cc0000)
  from space 512K,  99% used [0x23d40000, 0x23dbf680, 0x23dc0000)
  to   space 512K,   0% used [0x23cc0000, 0x23cc0000, 0x23d40000)
 tenured generation   total 10944K, used 1595K [0x28dc0000, 0x29870000, 0x33870000)
   the space 10944K,  14% used [0x28dc0000, 0x28f4ef08, 0x28f4f000, 0x29870000)
 compacting perm gen  total 12288K, used 1876K [0x33870000, 0x34470000, 0x37870000)
   the space 12288K,  15% used [0x33870000, 0x33a45338, 0x33a45400, 0x34470000)
    ro space 10240K,  42% used [0x37870000, 0x37cb1d60, 0x37cb1e00, 0x38270000)
    rw space 12288K,  54% used [0x38270000, 0x388f2928, 0x388f2a00, 0x38e70000)
}
Event: 1.207 GC heap before
{Heap before GC invocations=3 (full 0):
 def new generation   total 4928K, used 4740K [0x23870000, 0x23dc0000, 0x28dc0000)
  eden space 4416K,  95% used [0x23870000, 0x23c91bc8, 0x23cc0000)
  from space 512K,  99% used [0x23d40000, 0x23dbf680, 0x23dc0000)
  to   space 512K,   0% used [0x23cc0000, 0x23cc0000, 0x23d40000)
 tenured generation   total 10944K, used 1595K [0x28dc0000, 0x29870000, 0x33870000)
   the space 10944K,  14% used [0x28dc0000, 0x28f4ef08, 0x28f4f000, 0x29870000)
 compacting perm gen  total 12288K, used 1876K [0x33870000, 0x34470000, 0x37870000)
   the space 12288K,  15% used [0x33870000, 0x33a45358, 0x33a45400, 0x34470000)
    ro space 10240K,  42% used [0x37870000, 0x37cb1d60, 0x37cb1e00, 0x38270000)
    rw space 12288K,  54% used [0x38270000, 0x388f2928, 0x388f2a00, 0x38e70000)
Event: 1.210 GC heap after
Heap after GC invocations=4 (full 0):
 def new generation   total 4928K, used 512K [0x23870000, 0x23dc0000, 0x28dc0000)
  eden space 4416K,   0% used [0x23870000, 0x23870000, 0x23cc0000)
  from space 512K, 100% used [0x23cc0000, 0x23d40000, 0x23d40000)
  to   space 512K,   0% used [0x23d40000, 0x23d40000, 0x23dc0000)
 tenured generation   total 10944K, used 2203K [0x28dc0000, 0x29870000, 0x33870000)
   the space 10944K,  20% used [0x28dc0000, 0x28fe6d38, 0x28fe6e00, 0x29870000)
 compacting perm gen  total 12288K, used 1876K [0x33870000, 0x34470000, 0x37870000)
   the space 12288K,  15% used [0x33870000, 0x33a45358, 0x33a45400, 0x34470000)
    ro space 10240K,  42% used [0x37870000, 0x37cb1d60, 0x37cb1e00, 0x38270000)
    rw space 12288K,  54% used [0x38270000, 0x388f2928, 0x388f2a00, 0x38e70000)
}

